app/build/intermediates/manifest_merge_blame_file/debug/manifest-merger-blame-debug-report.txt
1<?xml version="1.0" encoding="utf-8"?>
2<manifest xmlns:android="http://schemas.android.com/apk/res/android"
3    package="com.appveg.farmfamily"
4    android:versionCode="1"
5    android:versionName="1.0" >
6
7    <uses-sdk
8        android:minSdkVersion="23"
8-->src\main\AndroidManifest.xml
9        android:targetSdkVersion="28" />
9-->src\main\AndroidManifest.xml
10    <!-- Adding Read External Storage Permission usr pick img -->
11    <uses-permission android:name="android.permission.READ_EXTERNAL_STORAGE" />
11-->src\main\AndroidManifest.xml:5:5-80
11-->src\main\AndroidManifest.xml:5:22-77
12    <uses-permission android:name="android.permission.INTERNET" />
12-->src\main\AndroidManifest.xml:6:5-67
12-->src\main\AndroidManifest.xml:6:22-64
13    <uses-permission android:name="android.permission.CAMERA" />
13-->src\main\AndroidManifest.xml:7:5-65
13-->src\main\AndroidManifest.xml:7:22-62
14    <uses-permission android:name="android.permission.WRITE_EXTERNAL_STORAGE" />
14-->src\main\AndroidManifest.xml:8:5-81
14-->src\main\AndroidManifest.xml:8:22-78
15    <uses-permission android:name="android.permission.ACCESS_NETWORK_STATE" />
15-->src\main\AndroidManifest.xml:9:5-79
15-->src\main\AndroidManifest.xml:9:22-76
16    <uses-permission android:name="android.permission.WAKE_LOCK" /> <!-- Required by older versions of Google Play services to create IID tokens -->
16-->[com.google.android.gms:play-services-measurement-api:17.2.0] AndroidManifest.xml:24:5-68
16-->[com.google.android.gms:play-services-measurement-api:17.2.0] AndroidManifest.xml:24:22-65
17    <uses-permission android:name="com.google.android.c2dm.permission.RECEIVE" />
17-->[com.google.firebase:firebase-iid:19.0.0] AndroidManifest.xml:26:5-82
17-->[com.google.firebase:firebase-iid:19.0.0] AndroidManifest.xml:26:22-79
18    <uses-permission android:name="com.google.android.finsky.permission.BIND_GET_INSTALL_REFERRER_SERVICE" />
18-->[com.google.android.gms:play-services-measurement:17.2.0] AndroidManifest.xml:26:5-110
18-->[com.google.android.gms:play-services-measurement:17.2.0] AndroidManifest.xml:26:22-107
19
20    <application
20-->src\main\AndroidManifest.xml:11:5-228:19
21        android:allowBackup="true"
21-->src\main\AndroidManifest.xml:12:9-35
22        android:appComponentFactory="androidx.core.app.CoreComponentFactory"
22-->[androidx.core:core:1.1.0] AndroidManifest.xml:24:18-86
23        android:debuggable="true"
24        android:icon="@mipmap/ic_launcher"
24-->src\main\AndroidManifest.xml:13:9-43
25        android:label="@string/app_name"
25-->src\main\AndroidManifest.xml:14:9-41
26        android:roundIcon="@mipmap/ic_launcher_round"
26-->src\main\AndroidManifest.xml:15:9-54
27        android:supportsRtl="true"
27-->src\main\AndroidManifest.xml:16:9-35
28        android:testOnly="true"
29        android:theme="@style/AppTheme" >
29-->src\main\AndroidManifest.xml:17:9-40
30        <activity android:name="com.appveg.farmfamily.ui.share.SubstanceMassDetailActivity" />
30-->src\main\AndroidManifest.xml:18:9-83
30-->src\main\AndroidManifest.xml:18:19-71
31        <activity android:name="com.appveg.farmfamily.ui.share.SubstanceMassActivity" />
31-->src\main\AndroidManifest.xml:19:9-68
31-->src\main\AndroidManifest.xml:19:19-65
32        <activity
32-->src\main\AndroidManifest.xml:20:9-27:20
33            android:name="com.appveg.farmfamily.ui.param.ParamDetailActivity"
33-->src\main\AndroidManifest.xml:21:13-57
34            android:label="Chi tiết tham số"
34-->src\main\AndroidManifest.xml:22:13-45
35            android:parentActivityName="com.appveg.farmfamily.ui.param.ParamDetailActivity" >
35-->src\main\AndroidManifest.xml:23:13-71
36            <meta-data
36-->src\main\AndroidManifest.xml:24:13-26:86
37                android:name="android.support.PARENT_ACTIVITY"
37-->src\main\AndroidManifest.xml:25:17-63
38                android:value="com.appveg.farmfamily.ui.param.ParamDetailActivity" />
38-->src\main\AndroidManifest.xml:26:17-83
39        </activity>
40        <activity
40-->src\main\AndroidManifest.xml:28:9-35:20
41            android:name="com.appveg.farmfamily.ui.param.EditParamActivity"
41-->src\main\AndroidManifest.xml:29:13-55
42            android:label="Sửa cài đặt tham số"
42-->src\main\AndroidManifest.xml:30:13-48
43            android:parentActivityName="com.appveg.farmfamily.ui.param.EditParamActivity" >
43-->src\main\AndroidManifest.xml:31:13-69
44            <meta-data
44-->src\main\AndroidManifest.xml:24:13-26:86
45                android:name="android.support.PARENT_ACTIVITY"
45-->src\main\AndroidManifest.xml:25:17-63
46                android:value="com.appveg.farmfamily.ui.param.EditParamActivity" />
46-->src\main\AndroidManifest.xml:26:17-83
47        </activity>
48        <activity
48-->src\main\AndroidManifest.xml:36:9-43:20
49            android:name="com.appveg.farmfamily.ui.param.AddParamActivity"
49-->src\main\AndroidManifest.xml:37:13-54
50            android:label="Thêm cài đặt tham số"
50-->src\main\AndroidManifest.xml:38:13-49
51            android:parentActivityName="com.appveg.farmfamily.ui.param.AddParamActivity" >
51-->src\main\AndroidManifest.xml:39:13-68
52            <meta-data
52-->src\main\AndroidManifest.xml:24:13-26:86
53                android:name="android.support.PARENT_ACTIVITY"
53-->src\main\AndroidManifest.xml:25:17-63
54                android:value="com.appveg.farmfamily.ui.param.AddParamActivity" />
54-->src\main\AndroidManifest.xml:26:17-83
55        </activity>
56        <activity
56-->src\main\AndroidManifest.xml:44:9-51:20
57            android:name="com.appveg.farmfamily.ui.garden.SelectVegGardenActivity"
57-->src\main\AndroidManifest.xml:45:13-62
58            android:label="Thêm loại rau cho khu vườn"
58-->src\main\AndroidManifest.xml:46:13-55
59            android:parentActivityName="com.appveg.farmfamily.ui.garden.SelectVegGardenActivity" >
59-->src\main\AndroidManifest.xml:47:13-76
60            <meta-data
60-->src\main\AndroidManifest.xml:24:13-26:86
61                android:name="android.support.PARENT_ACTIVITY"
61-->src\main\AndroidManifest.xml:25:17-63
62                android:value="com.appveg.farmfamily.ui.garden.SelectVegGardenActivity" />
62-->src\main\AndroidManifest.xml:26:17-83
63        </activity>
64        <activity
64-->src\main\AndroidManifest.xml:52:9-59:20
65            android:name="com.appveg.farmfamily.ui.garden.SelectDeviceGardenActivity"
65-->src\main\AndroidManifest.xml:53:13-65
66            android:label="Thêm thiết bị cho khu vườn"
66-->src\main\AndroidManifest.xml:54:13-55
67            android:parentActivityName="com.appveg.farmfamily.ui.garden.SelectDeviceGardenActivity" >
67-->src\main\AndroidManifest.xml:55:13-79
68            <meta-data
68-->src\main\AndroidManifest.xml:24:13-26:86
69                android:name="android.support.PARENT_ACTIVITY"
69-->src\main\AndroidManifest.xml:25:17-63
70                android:value="com.appveg.farmfamily.ui.garden.SelectDeviceGardenActivity" />
70-->src\main\AndroidManifest.xml:26:17-83
71        </activity>
72        <activity
72-->src\main\AndroidManifest.xml:60:9-67:20
73            android:name="com.appveg.farmfamily.ui.garden.AddDeviceForGardenActivity"
73-->src\main\AndroidManifest.xml:61:13-65
74            android:label="Chi tiết khu vườn"
74-->src\main\AndroidManifest.xml:62:13-46
75            android:parentActivityName="com.appveg.farmfamily.ui.garden.AddDeviceForGardenActivity" >
75-->src\main\AndroidManifest.xml:63:13-79
76            <meta-data
76-->src\main\AndroidManifest.xml:24:13-26:86
77                android:name="android.support.PARENT_ACTIVITY"
77-->src\main\AndroidManifest.xml:25:17-63
78                android:value="com.appveg.farmfamily.ui.garden.AddDeviceForGardenActivity" />
78-->src\main\AndroidManifest.xml:26:17-83
79        </activity>
80        <activity
80-->src\main\AndroidManifest.xml:68:9-75:20
81            android:name="com.appveg.farmfamily.ui.device_catogory.EditDeviceCategory"
81-->src\main\AndroidManifest.xml:69:13-66
82            android:label="Sửa loại thiết bị"
82-->src\main\AndroidManifest.xml:70:13-46
83            android:parentActivityName="com.appveg.farmfamily.ui.device_catogory.EditDeviceCategory" >
83-->src\main\AndroidManifest.xml:71:13-80
84            <meta-data
84-->src\main\AndroidManifest.xml:24:13-26:86
85                android:name="android.support.PARENT_ACTIVITY"
85-->src\main\AndroidManifest.xml:25:17-63
86                android:value="com.appveg.farmfamily.ui.device_catogory.EditDeviceCategory" />
86-->src\main\AndroidManifest.xml:26:17-83
87        </activity>
88        <activity
88-->src\main\AndroidManifest.xml:76:9-83:20
89            android:name="com.appveg.farmfamily.ui.device_catogory.AddDeviceCategory"
89-->src\main\AndroidManifest.xml:77:13-65
90            android:label="Thêm loại thiết bị"
90-->src\main\AndroidManifest.xml:78:13-47
91            android:parentActivityName="com.appveg.farmfamily.ui.device_catogory.AddDeviceCategory" >
91-->src\main\AndroidManifest.xml:79:13-79
92            <meta-data
92-->src\main\AndroidManifest.xml:24:13-26:86
93                android:name="android.support.PARENT_ACTIVITY"
93-->src\main\AndroidManifest.xml:25:17-63
94                android:value="com.appveg.farmfamily.ui.device_catogory.AddDeviceCategory" />
94-->src\main\AndroidManifest.xml:26:17-83
95        </activity>
96        <activity
96-->src\main\AndroidManifest.xml:84:9-91:20
97            android:name="com.appveg.farmfamily.ui.device.DeviceDetailActivity"
97-->src\main\AndroidManifest.xml:85:13-59
98            android:label="Chi tiết thiết bị"
98-->src\main\AndroidManifest.xml:86:13-46
99            android:parentActivityName="com.appveg.farmfamily.ui.device.DeviceDetailActivity" >
99-->src\main\AndroidManifest.xml:87:13-73
100            <meta-data
100-->src\main\AndroidManifest.xml:24:13-26:86
101                android:name="android.support.PARENT_ACTIVITY"
101-->src\main\AndroidManifest.xml:25:17-63
102                android:value="com.appveg.farmfamily.ui.device.DeviceDetailActivity" />
102-->src\main\AndroidManifest.xml:26:17-83
103        </activity>
104        <activity
104-->src\main\AndroidManifest.xml:92:9-99:20
105            android:name="com.appveg.farmfamily.ui.settings.SettingsActivity"
105-->src\main\AndroidManifest.xml:93:13-57
106            android:label="Cài đặt"
106-->src\main\AndroidManifest.xml:94:13-36
107            android:parentActivityName="com.appveg.farmfamily.ui.settings.SettingsActivity" >
107-->src\main\AndroidManifest.xml:95:13-71
108            <meta-data
108-->src\main\AndroidManifest.xml:24:13-26:86
109                android:name="android.support.PARENT_ACTIVITY"
109-->src\main\AndroidManifest.xml:25:17-63
110                android:value="com.appveg.farmfamily.ui.settings.SettingsActivity" />
110-->src\main\AndroidManifest.xml:26:17-83
111        </activity>
112        <activity
112-->src\main\AndroidManifest.xml:100:9-107:20
113            android:name="com.appveg.farmfamily.ui.chart.ChartActivity"
113-->src\main\AndroidManifest.xml:101:13-51
114            android:label="Biểu đồ"
114-->src\main\AndroidManifest.xml:102:13-36
115            android:parentActivityName="com.appveg.farmfamily.ui.chart.ChartActivity" >
115-->src\main\AndroidManifest.xml:103:13-65
116            <meta-data
116-->src\main\AndroidManifest.xml:24:13-26:86
117                android:name="android.support.PARENT_ACTIVITY"
117-->src\main\AndroidManifest.xml:25:17-63
118                android:value="com.appveg.farmfamily.ui.chart.ChartActivity" />
118-->src\main\AndroidManifest.xml:26:17-83
119        </activity>
120        <activity
120-->src\main\AndroidManifest.xml:108:9-115:20
121            android:name="com.appveg.farmfamily.ui.home.DetailGardenActivity"
121-->src\main\AndroidManifest.xml:109:13-57
122            android:label="Thông tin khu vườn"
122-->src\main\AndroidManifest.xml:110:13-47
123            android:parentActivityName="com.appveg.farmfamily.ui.home.DetailGardenActivity" >
123-->src\main\AndroidManifest.xml:111:13-71
124            <meta-data
124-->src\main\AndroidManifest.xml:24:13-26:86
125                android:name="android.support.PARENT_ACTIVITY"
125-->src\main\AndroidManifest.xml:25:17-63
126                android:value="com.appveg.farmfamily.ui.home.DetailGardenActivity" />
126-->src\main\AndroidManifest.xml:26:17-83
127        </activity>
128        <activity
128-->src\main\AndroidManifest.xml:116:9-123:20
129            android:name="com.appveg.farmfamily.ui.vegetable.EditVegetableActivity"
129-->src\main\AndroidManifest.xml:117:13-63
130            android:label="Sửa loại rau"
130-->src\main\AndroidManifest.xml:118:13-41
131            android:parentActivityName="com.appveg.farmfamily.ui.vegetable.EditVegetableActivity" >
131-->src\main\AndroidManifest.xml:119:13-77
132            <meta-data
132-->src\main\AndroidManifest.xml:24:13-26:86
133                android:name="android.support.PARENT_ACTIVITY"
133-->src\main\AndroidManifest.xml:25:17-63
134                android:value="com.appveg.farmfamily.ui.vegetable.EditVegetableActivity" />
134-->src\main\AndroidManifest.xml:26:17-83
135        </activity>
136        <activity
136-->src\main\AndroidManifest.xml:124:9-131:20
137            android:name="com.appveg.farmfamily.ui.vegetable.AddVegetableActivity"
137-->src\main\AndroidManifest.xml:125:13-62
138            android:label="Thêm loại rau"
138-->src\main\AndroidManifest.xml:126:13-42
139            android:parentActivityName="com.appveg.farmfamily.ui.vegetable.AddVegetableActivity" >
139-->src\main\AndroidManifest.xml:127:13-76
140            <meta-data
140-->src\main\AndroidManifest.xml:24:13-26:86
141                android:name="android.support.PARENT_ACTIVITY"
141-->src\main\AndroidManifest.xml:25:17-63
142                android:value="com.appveg.farmfamily.ui.vegetable.AddVegetableActivity" />
142-->src\main\AndroidManifest.xml:26:17-83
143        </activity>
144        <activity
144-->src\main\AndroidManifest.xml:132:9-139:20
145            android:name="com.appveg.farmfamily.ui.device.EditDeviceActivity"
145-->src\main\AndroidManifest.xml:133:13-57
146            android:label="Sửa thiết bị"
146-->src\main\AndroidManifest.xml:134:13-41
147            android:parentActivityName="com.appveg.farmfamily.ui.device.EditDeviceActivity" >
147-->src\main\AndroidManifest.xml:135:13-71
148            <meta-data
148-->src\main\AndroidManifest.xml:24:13-26:86
149                android:name="android.support.PARENT_ACTIVITY"
149-->src\main\AndroidManifest.xml:25:17-63
150                android:value="com.appveg.farmfamily.ui.device.EditDeviceActivity" />
150-->src\main\AndroidManifest.xml:26:17-83
151        </activity>
152        <activity
152-->src\main\AndroidManifest.xml:140:9-147:20
153            android:name="com.appveg.farmfamily.ui.device.AddDeviceActivity"
153-->src\main\AndroidManifest.xml:141:13-56
154            android:label="Thêm thiết bị"
154-->src\main\AndroidManifest.xml:142:13-42
155            android:parentActivityName="com.appveg.farmfamily.ui.device.AddDeviceActivity" >
155-->src\main\AndroidManifest.xml:143:13-70
156            <meta-data
156-->src\main\AndroidManifest.xml:24:13-26:86
157                android:name="android.support.PARENT_ACTIVITY"
157-->src\main\AndroidManifest.xml:25:17-63
158                android:value="com.appveg.farmfamily.ui.device.AddDeviceActivity" />
158-->src\main\AndroidManifest.xml:26:17-83
159        </activity> <!-- <activity -->
160        <!-- android:name=".ui.slideshow.DeviceDetailActivity" -->
161        <!-- android:label="Chi tiết thiết bị" -->
162        <!-- android:parentActivityName=".ui.slideshow.DeviceDetailActivity"> -->
163        <!-- <meta-data -->
164        <!-- android:name="android.support.PARENT_ACTIVITY" -->
165        <!-- android:value="com.appveg.farmfamily.ui.slideshow.DeviceDetailActivity" /> -->
166        <!-- </activity> -->
167        <activity
167-->src\main\AndroidManifest.xml:155:9-162:20
168            android:name="com.appveg.farmfamily.ui.garden.ThemKhuVuonActivity"
168-->src\main\AndroidManifest.xml:156:13-58
169            android:label="Thêm khu vườn"
169-->src\main\AndroidManifest.xml:157:13-42
170            android:parentActivityName="com.appveg.farmfamily.ui.garden.ThemKhuVuonActivity" >
170-->src\main\AndroidManifest.xml:158:13-72
171            <meta-data
171-->src\main\AndroidManifest.xml:24:13-26:86
172                android:name="android.support.PARENT_ACTIVITY"
172-->src\main\AndroidManifest.xml:25:17-63
173                android:value="com.appveg.farmfamily.ui.garden.ThemKhuVuonActivity" />
173-->src\main\AndroidManifest.xml:26:17-83
174        </activity>
175        <activity
175-->src\main\AndroidManifest.xml:163:9-170:20
176            android:name="com.appveg.farmfamily.ui.garden.SuaKhuVuonActivity"
176-->src\main\AndroidManifest.xml:164:13-57
177            android:label="Sửa khu vườn"
177-->src\main\AndroidManifest.xml:165:13-41
178            android:parentActivityName="com.appveg.farmfamily.ui.garden.ThemKhuVuonActivity" >
178-->src\main\AndroidManifest.xml:166:13-72
179            <meta-data
179-->src\main\AndroidManifest.xml:24:13-26:86
180                android:name="android.support.PARENT_ACTIVITY"
180-->src\main\AndroidManifest.xml:25:17-63
181                android:value="com.appveg.farmfamily.ui.garden.ThemKhuVuonActivity" />
181-->src\main\AndroidManifest.xml:26:17-83
182        </activity>
183        <activity
183-->src\main\AndroidManifest.xml:171:9-178:20
184            android:name="com.appveg.farmfamily.ui.send.SuaDotSanLuongActivity"
184-->src\main\AndroidManifest.xml:172:13-59
185            android:label="Sửa đợt sản lượng"
185-->src\main\AndroidManifest.xml:173:13-46
186            android:parentActivityName="com.appveg.farmfamily.ui.send.SuaDotSanLuongActivity" >
186-->src\main\AndroidManifest.xml:174:13-73
187            <meta-data
187-->src\main\AndroidManifest.xml:24:13-26:86
188                android:name="android.support.PARENT_ACTIVITY"
188-->src\main\AndroidManifest.xml:25:17-63
189                android:value="com.appveg.farmfamily.ui.send.SuaDotSanLuongActivity" />
189-->src\main\AndroidManifest.xml:26:17-83
190        </activity>
191        <activity
191-->src\main\AndroidManifest.xml:179:9-186:20
192            android:name="com.appveg.farmfamily.ui.send.ChiTietSanLuongRauActivity"
192-->src\main\AndroidManifest.xml:180:13-63
193            android:label="Chi tiết sản lượng"
193-->src\main\AndroidManifest.xml:181:13-47
194            android:parentActivityName="com.appveg.farmfamily.ui.send.ChiTietSanLuongRauActivity" >
194-->src\main\AndroidManifest.xml:182:13-77
195            <meta-data
195-->src\main\AndroidManifest.xml:24:13-26:86
196                android:name="android.support.PARENT_ACTIVITY"
196-->src\main\AndroidManifest.xml:25:17-63
197                android:value="com.appveg.farmfamily.ui.send.ChiTietSanLuongRauActivity" />
197-->src\main\AndroidManifest.xml:26:17-83
198        </activity>
199        <activity
199-->src\main\AndroidManifest.xml:187:9-194:20
200            android:name="com.appveg.farmfamily.ui.send.ThemDotSanLuongActivity"
200-->src\main\AndroidManifest.xml:188:13-60
201            android:label="Thêm đợt sản lượng "
201-->src\main\AndroidManifest.xml:189:13-48
202            android:parentActivityName="com.appveg.farmfamily.ui.send.ThemDotSanLuongActivity" >
202-->src\main\AndroidManifest.xml:190:13-74
203            <meta-data
203-->src\main\AndroidManifest.xml:24:13-26:86
204                android:name="android.support.PARENT_ACTIVITY"
204-->src\main\AndroidManifest.xml:25:17-63
205                android:value="com.appveg.farmfamily.ui.send.ThemDotSanLuongActivity" />
205-->src\main\AndroidManifest.xml:26:17-83
206        </activity>
207        <activity
207-->src\main\AndroidManifest.xml:195:9-202:20
208            android:name="com.appveg.farmfamily.ui.send.ChiTietDotSanLuongActivity"
208-->src\main\AndroidManifest.xml:196:13-63
209            android:label="Danh sách đợt sản lượng"
209-->src\main\AndroidManifest.xml:197:13-52
210            android:parentActivityName="com.appveg.farmfamily.ui.send.ChiTietDotSanLuongActivity" >
210-->src\main\AndroidManifest.xml:198:13-77
211            <meta-data
211-->src\main\AndroidManifest.xml:24:13-26:86
212                android:name="android.support.PARENT_ACTIVITY"
212-->src\main\AndroidManifest.xml:25:17-63
213                android:value="com.appveg.farmfamily.ui.send.SendFragment" />
213-->src\main\AndroidManifest.xml:26:17-83
214        </activity>
215        <activity
215-->src\main\AndroidManifest.xml:203:9-206:59
216            android:name="com.appveg.farmfamily.MainActivity"
216-->src\main\AndroidManifest.xml:204:13-41
217            android:label="@string/app_name"
217-->src\main\AndroidManifest.xml:205:13-45
218            android:theme="@style/AppTheme.NoActionBar" />
218-->src\main\AndroidManifest.xml:206:13-56
219        <activity
219-->src\main\AndroidManifest.xml:207:9-216:20
220            android:name="com.appveg.farmfamily.ui.login.LoginActivity"
220-->src\main\AndroidManifest.xml:208:13-51
221            android:label="@string/app_name"
221-->src\main\AndroidManifest.xml:209:13-45
222            android:theme="@style/AppTheme.NoActionBar" >
222-->src\main\AndroidManifest.xml:210:13-56
223            <intent-filter>
223-->src\main\AndroidManifest.xml:211:13-215:29
224                <action android:name="android.intent.action.MAIN" />
224-->src\main\AndroidManifest.xml:212:17-69
224-->src\main\AndroidManifest.xml:212:25-66
225
226                <category android:name="android.intent.category.LAUNCHER" />
226-->src\main\AndroidManifest.xml:214:17-77
226-->src\main\AndroidManifest.xml:214:27-74
227            </intent-filter>
228        </activity>
229        <activity
229-->src\main\AndroidManifest.xml:217:9-220:59
230            android:name="com.appveg.farmfamily.ui.login.SignUpActivity"
230-->src\main\AndroidManifest.xml:218:13-52
231            android:label="@string/app_name"
231-->src\main\AndroidManifest.xml:219:13-45
232            android:theme="@style/AppTheme.NoActionBar" />
232-->src\main\AndroidManifest.xml:220:13-56
233        <activity
233-->src\main\AndroidManifest.xml:221:9-224:59
234            android:name="com.appveg.farmfamily.ui.login.ForgotPPass"
234-->src\main\AndroidManifest.xml:222:13-49
235            android:label="@string/app_name"
235-->src\main\AndroidManifest.xml:223:13-45
236            android:theme="@style/AppTheme.NoActionBar" />
236-->src\main\AndroidManifest.xml:224:13-56
237        <activity
237-->src\main\AndroidManifest.xml:225:9-227:59
238            android:name="com.appveg.farmfamily.ui.login.ChangePasswordActivity"
238-->src\main\AndroidManifest.xml:226:13-60
239            android:theme="@style/AppTheme.NoActionBar" />
239-->src\main\AndroidManifest.xml:227:13-56
240        <activity
240-->[com.karumi:dexter:5.0.0] AndroidManifest.xml:27:9-29:72
241            android:name="com.karumi.dexter.DexterActivity"
241-->[com.karumi:dexter:5.0.0] AndroidManifest.xml:28:13-60
242            android:theme="@style/Dexter.Internal.Theme.Transparent" />
242-->[com.karumi:dexter:5.0.0] AndroidManifest.xml:29:13-69
243
244        <service
244-->[com.google.firebase:firebase-database:19.2.0] AndroidManifest.xml:29:9-35:19
245            android:name="com.google.firebase.components.ComponentDiscoveryService"
245-->[com.google.firebase:firebase-database:19.2.0] AndroidManifest.xml:30:13-84
246            android:directBootAware="true"
246-->[com.google.firebase:firebase-common:19.2.0] AndroidManifest.xml:15:13-43
247            android:exported="false" >
247-->[com.google.firebase:firebase-database:19.2.0] AndroidManifest.xml:31:13-37
248            <meta-data
248-->[com.google.firebase:firebase-database:19.2.0] AndroidManifest.xml:32:13-34:85
249                android:name="com.google.firebase.components:com.google.firebase.database.DatabaseRegistrar"
249-->[com.google.firebase:firebase-database:19.2.0] AndroidManifest.xml:33:17-109
250                android:value="com.google.firebase.components.ComponentRegistrar" />
250-->[com.google.firebase:firebase-database:19.2.0] AndroidManifest.xml:34:17-82
251            <meta-data
251-->[com.google.android.gms:play-services-measurement-api:17.2.0] AndroidManifest.xml:30:13-32:85
252                android:name="com.google.firebase.components:com.google.firebase.analytics.connector.internal.AnalyticsConnectorRegistrar"
252-->[com.google.android.gms:play-services-measurement-api:17.2.0] AndroidManifest.xml:31:17-139
253                android:value="com.google.firebase.components.ComponentRegistrar" />
253-->[com.google.android.gms:play-services-measurement-api:17.2.0] AndroidManifest.xml:32:17-82
254            <meta-data
254-->[com.google.firebase:firebase-iid:19.0.0] AndroidManifest.xml:32:13-34:85
255                android:name="com.google.firebase.components:com.google.firebase.iid.Registrar"
255-->[com.google.firebase:firebase-iid:19.0.0] AndroidManifest.xml:33:17-96
256                android:value="com.google.firebase.components.ComponentRegistrar" />
256-->[com.google.firebase:firebase-iid:19.0.0] AndroidManifest.xml:34:17-82
257        </service>
258
259        <receiver
259-->[com.google.firebase:firebase-iid:19.0.0] AndroidManifest.xml:37:9-44:20
260            android:name="com.google.firebase.iid.FirebaseInstanceIdReceiver"
260-->[com.google.firebase:firebase-iid:19.0.0] AndroidManifest.xml:38:13-78
261            android:exported="true"
261-->[com.google.firebase:firebase-iid:19.0.0] AndroidManifest.xml:39:13-36
262            android:permission="com.google.android.c2dm.permission.SEND" >
262-->[com.google.firebase:firebase-iid:19.0.0] AndroidManifest.xml:40:13-73
263            <intent-filter>
263-->[com.google.firebase:firebase-iid:19.0.0] AndroidManifest.xml:41:13-43:29
264                <action android:name="com.google.android.c2dm.intent.RECEIVE" />
264-->[com.google.firebase:firebase-iid:19.0.0] AndroidManifest.xml:42:17-81
264-->[com.google.firebase:firebase-iid:19.0.0] AndroidManifest.xml:42:25-78
265            </intent-filter>
266        </receiver>
267
268        <activity
268-->[com.google.android.gms:play-services-base:17.0.0] AndroidManifest.xml:23:9-26:75
269            android:name="com.google.android.gms.common.api.GoogleApiActivity"
269-->[com.google.android.gms:play-services-base:17.0.0] AndroidManifest.xml:24:13-79
270            android:exported="false"
270-->[com.google.android.gms:play-services-base:17.0.0] AndroidManifest.xml:25:13-37
271            android:theme="@android:style/Theme.Translucent.NoTitleBar" />
271-->[com.google.android.gms:play-services-base:17.0.0] AndroidManifest.xml:26:13-72
272
273        <receiver
273-->[com.google.android.gms:play-services-measurement:17.2.0] AndroidManifest.xml:29:9-33:20
274            android:name="com.google.android.gms.measurement.AppMeasurementReceiver"
274-->[com.google.android.gms:play-services-measurement:17.2.0] AndroidManifest.xml:30:13-85
275            android:enabled="true"
275-->[com.google.android.gms:play-services-measurement:17.2.0] AndroidManifest.xml:31:13-35
276            android:exported="false" >
276-->[com.google.android.gms:play-services-measurement:17.2.0] AndroidManifest.xml:32:13-37
277        </receiver>
278        <receiver
278-->[com.google.android.gms:play-services-measurement:17.2.0] AndroidManifest.xml:34:9-42:20
279            android:name="com.google.android.gms.measurement.AppMeasurementInstallReferrerReceiver"
279-->[com.google.android.gms:play-services-measurement:17.2.0] AndroidManifest.xml:35:13-100
280            android:enabled="true"
280-->[com.google.android.gms:play-services-measurement:17.2.0] AndroidManifest.xml:36:13-35
281            android:exported="true"
281-->[com.google.android.gms:play-services-measurement:17.2.0] AndroidManifest.xml:37:13-36
282            android:permission="android.permission.INSTALL_PACKAGES" >
282-->[com.google.android.gms:play-services-measurement:17.2.0] AndroidManifest.xml:38:13-69
283            <intent-filter>
283-->[com.google.android.gms:play-services-measurement:17.2.0] AndroidManifest.xml:39:13-41:29
284                <action android:name="com.android.vending.INSTALL_REFERRER" />
284-->[com.google.android.gms:play-services-measurement:17.2.0] AndroidManifest.xml:40:17-79
284-->[com.google.android.gms:play-services-measurement:17.2.0] AndroidManifest.xml:40:25-76
285            </intent-filter>
286        </receiver>
287
288        <service
288-->[com.google.android.gms:play-services-measurement:17.2.0] AndroidManifest.xml:44:9-47:40
289            android:name="com.google.android.gms.measurement.AppMeasurementService"
289-->[com.google.android.gms:play-services-measurement:17.2.0] AndroidManifest.xml:45:13-84
290            android:enabled="true"
290-->[com.google.android.gms:play-services-measurement:17.2.0] AndroidManifest.xml:46:13-35
291            android:exported="false" />
291-->[com.google.android.gms:play-services-measurement:17.2.0] AndroidManifest.xml:47:13-37
292        <service
292-->[com.google.android.gms:play-services-measurement:17.2.0] AndroidManifest.xml:48:9-52:72
293            android:name="com.google.android.gms.measurement.AppMeasurementJobService"
293-->[com.google.android.gms:play-services-measurement:17.2.0] AndroidManifest.xml:49:13-87
294            android:enabled="true"
294-->[com.google.android.gms:play-services-measurement:17.2.0] AndroidManifest.xml:50:13-35
295            android:exported="false"
295-->[com.google.android.gms:play-services-measurement:17.2.0] AndroidManifest.xml:51:13-37
296            android:permission="android.permission.BIND_JOB_SERVICE" />
296-->[com.google.android.gms:play-services-measurement:17.2.0] AndroidManifest.xml:52:13-69
297
298        <provider
298-->[com.google.firebase:firebase-common:19.2.0] AndroidManifest.xml:19:9-23:39